<?xml version="1.0" encoding="UTF-8"?>
<testsuite name="dev.aspyro.worldsgenerator.CitoyenTest" tests="1" skipped="0" failures="0" errors="0" timestamp="2021-03-20T14:54:57" hostname="GHYSDAMIEN" time="2.902">
  <properties/>
  <testcase name="generationCitoyen()" classname="dev.aspyro.worldsgenerator.CitoyenTest" time="2.902"/>
  <system-out><![CDATA[[Prenoms : Niyelle Sophya , Noms : Lombardi ]
[Prenoms : Chasyn Terrence Karinne Milei Costa , Noms : Harkins ]
[Prenoms : Breindy Shauneen Leman Emmer Libbi , Noms : Myers Mendoza Peters Walters ]
]]></system-out>
  <system-err><![CDATA[]]></system-err>
</testsuite>
