<?xml version="1.0" encoding="UTF-8"?>
<testsuite name="dev.aspyro.worldsgenerator.CitoyenTest" tests="1" skipped="0" failures="0" errors="0" timestamp="2021-03-20T15:29:01" hostname="GHYSDAMIEN" time="2.79">
  <properties/>
  <testcase name="generationCitoyen()" classname="dev.aspyro.worldsgenerator.CitoyenTest" time="2.79"/>
  <system-out><![CDATA[[Prenoms : Chau Cipriana Atwood , Noms : Bennett Medina Farnsworth Olivares Burton ]
[Prenoms : Treyon-Tamme Thorin Lyric Francisco , Noms : Collazo Skidmore ]
[Prenoms : Mcneal-Huston Rosaline Teriann , Noms : Ramos Porter Garcia Brooks ]
]]></system-out>
  <system-err><![CDATA[]]></system-err>
</testsuite>
