<?xml version="1.0" encoding="UTF-8"?>
<testsuite name="dev.aspyro.worldsgenerator.CompositeGUI" tests="1" skipped="0" failures="0" errors="0" timestamp="2021-03-14T15:55:35" hostname="GHYSDAMIEN" time="0.238">
  <properties/>
  <testcase name="CompositeTest()" classname="dev.aspyro.worldsgenerator.CompositeGUI" time="0.238"/>
  <system-out><![CDATA[]]></system-out>
  <system-err><![CDATA[]]></system-err>
</testsuite>
